
Running 80 tests using 1 worker

[1A[2K[1/80] [desktop-chrome] › __tests__/e2e/dashboard_search.spec.ts:6:9 › Dashboard › Unauthenticated Access › should handle unauthenticated dashboard access
[1A[2K[2/80] [desktop-chrome] › __tests__/e2e/dashboard_search.spec.ts:10:9 › Dashboard › Unauthenticated Access › should handle unauthenticated search access
[1A[2K[3/80] [desktop-chrome] › __tests__/e2e/dashboard_search.spec.ts:16:9 › Dashboard › Incomplete Profile Access › should redirect incomplete profiles from dashboard to onboarding
[1A[2K[desktop-chrome] › __tests__/e2e/dashboard_search.spec.ts:16:9 › Dashboard › Incomplete Profile Access › should redirect incomplete profiles from dashboard to onboarding
Could not authenticate incomplete profile user: page.goto: net::ERR_ABORTED; maybe frame was detached?
Call log:
[2m  - navigating to "http://localhost:3000/login", waiting until "load"[22m

    at signInThroughBrowserContext [90m(/Users/wcatalfamo/Projects/Personal/Active/skillogue-web/[39m__tests__/e2e/fixtures/auth.ts:139:14[90m)[39m
    at Object.incompleteProfilePage [90m(/Users/wcatalfamo/Projects/Personal/Active/skillogue-web/[39m__tests__/e2e/fixtures/auth.ts:191:7[90m)[39m {
  name: [32m'Error'[39m,
  [32mSymbol(step)[39m: {
    location: {
      file: [32m'/Users/wcatalfamo/Projects/Personal/Active/skillogue-web/__tests__/e2e/fixtures/auth.ts'[39m,
      line: [33m139[39m,
      column: [33m14[39m,
      function: [32m'signInThroughBrowserContext'[39m
    },
    category: [32m'pw:api'[39m,
    title: [32m'Navigate to "/login"'[39m,
    apiName: [32m'page.goto'[39m,
    params: { url: [32m'/login'[39m, waitUntil: [32m'load'[39m, timeout: [33m0[39m },
    group: [90mundefined[39m,
    stepId: [32m'pw:api@29'[39m,
    boxedStack: [90mundefined[39m,
    steps: [],
    attachmentIndices: [],
    info: TestStepInfoImpl {
      annotations: [],
      _testInfo: [36m[TestInfoImpl][39m,
      _stepId: [32m'pw:api@29'[39m,
      _title: [32m'Navigate to "/login"'[39m,
      _parentStep: [36m[TestStepInfoImpl][39m,
      skip: [36m[Function (anonymous)][39m
    },
    complete: [36m[Function: complete][39m,
    endWallTime: [33m1777240771596[39m,
    error: {
      message: [32m'Error: page.goto: net::ERR_ABORTED; maybe frame was detached?\n'[39m +
        [32m'Call log:\n'[39m +
        [32m'\x1B[2m  - navigating to "http://localhost:3000/login", waiting until "load"\x1B[22m\n'[39m,
      stack: [32m'Error: page.goto: net::ERR_ABORTED; maybe frame was detached?\n'[39m +
        [32m'Call log:\n'[39m +
        [32m'\x1B[2m  - navigating to "http://localhost:3000/login", waiting until "load"\x1B[22m\n'[39m +
        [32m'\n'[39m +
        [32m'    at signInThroughBrowserContext (/Users/wcatalfamo/Projects/Personal/Active/skillogue-web/__tests__/e2e/fixtures/auth.ts:139:14)\n'[39m +
        [32m'    at Object.incompleteProfilePage (/Users/wcatalfamo/Projects/Personal/Active/skillogue-web/__tests__/e2e/fixtures/auth.ts:191:7)'[39m,
      cause: [90mundefined[39m
    }
  }
}

[1A[2K  1) [desktop-chrome] › __tests__/e2e/dashboard_search.spec.ts:16:9 › Dashboard › Incomplete Profile Access › should redirect incomplete profiles from dashboard to onboarding 

    Test was interrupted.

    Error: page.goto: net::ERR_ABORTED; maybe frame was detached?
    Call log:
    [2m  - navigating to "http://localhost:3000/login", waiting until "load"[22m


       at fixtures/auth.ts:139

      137 | const signInThroughBrowserContext = async (page: Page, credentials: { email: string; password: string }) => {
      138 |   await page.request.post('/api/auth/sign-out').catch(() => undefined);
    > 139 |   await page.goto('/login');
          |              ^
      140 |
      141 |   const acceptCookies = page.getByRole('button', { name: /^Accept$/i });
      142 |   if (await acceptCookies.isVisible().catch(() => false)) {
        at signInThroughBrowserContext (/Users/wcatalfamo/Projects/Personal/Active/skillogue-web/__tests__/e2e/fixtures/auth.ts:139:14)
        at Object.incompleteProfilePage (/Users/wcatalfamo/Projects/Personal/Active/skillogue-web/__tests__/e2e/fixtures/auth.ts:191:7)


[1A[2K  1 interrupted
    [desktop-chrome] › __tests__/e2e/dashboard_search.spec.ts:16:9 › Dashboard › Incomplete Profile Access › should redirect incomplete profiles from dashboard to onboarding 
  77 did not run
  2 passed (6.1s)

To open last HTML report run:
[36m[39m
[36m  npx playwright show-report[39m
[36m[39m
