{
  "url": "http://127.0.0.1:3000/admin",
  "pageClosed": false,
  "pageCrashed": false,
  "bodyText": "Skillogue\nLog In\nLoading...\nSkillogue\n\nConnect through passions, not pictures\n\nSUPPORT\nContact Us\nFAQ\nLEGAL\nTerms of Service\nPrivacy Policy\nCookie Policy\n\n© 2026 Skillogue, Inc. All rights reserved.\nMade with\nfor passion-driven people",
  "consoleMessages": [
    {
      "type": "info",
      "text": "%cDownload the React DevTools for a better development experience: https://react.dev/link/react-devtools font-weight:bold"
    },
    {
      "type": "error",
      "text": "WebSocket connection to 'ws://127.0.0.1:3000/_next/webpack-hmr?id=Xa22XnRCuXMHWNrZircje' failed: Error during WebSocket handshake: net::ERR_INVALID_HTTP_RESPONSE"
    },
    {
      "type": "error",
      "text": "WebSocket connection to 'ws://127.0.0.1:3000/_next/webpack-hmr?id=Xa22XnRCuXMHWNrZircje' failed: Error during WebSocket handshake: net::ERR_INVALID_HTTP_RESPONSE"
    },
    {
      "type": "error",
      "text": "WebSocket connection to 'ws://127.0.0.1:3000/_next/webpack-hmr?id=Xa22XnRCuXMHWNrZircje' failed: Error during WebSocket handshake: net::ERR_INVALID_HTTP_RESPONSE"
    },
    {
      "type": "error",
      "text": "WebSocket connection to 'ws://127.0.0.1:3000/_next/webpack-hmr?id=Xa22XnRCuXMHWNrZircje' failed: Error during WebSocket handshake: net::ERR_INVALID_HTTP_RESPONSE"
    },
    {
      "type": "error",
      "text": "WebSocket connection to 'ws://127.0.0.1:3000/_next/webpack-hmr?id=Xa22XnRCuXMHWNrZircje' failed: Error during WebSocket handshake: net::ERR_INVALID_HTTP_RESPONSE"
    }
  ],
  "pageErrors": [],
  "requests": []
}
